<?xml version="1.0" encoding="UTF-8"?>
<!-- Generated by org.testng.reporters.JUnitXMLReporter -->
<testsuite hostname="DESKTOP-3K35N3U" name="Test" tests="4" failures="0" timestamp="19 Jun 2019 13:44:57 GMT" time="70.243" errors="0">
  <testcase name="basePageNavigation" time="18.125" classname="Academy.HomePage"/>
  <testcase name="basePageNavigation" time="24.145" classname="Academy.HomePage"/>
  <testcase name="basePageNavigation" time="0.106" classname="Academy.ValidateTitle"/>
  <testcase name="basePageNavigation" time="0.127" classname="Academy.ValidateNavigationBar"/>
</testsuite> <!-- Test -->
